Performing C++ SOURCE FILE Test HAS_XHOST failed with the following output:
Change Dir: /home/jemiry/DMET/QC-DMET/lib/build/CMakeFiles/CMakeTmp

Run Build Command(s):/usr/bin/gmake -f Makefile cmTC_8b167/fast && /usr/bin/gmake  -f CMakeFiles/cmTC_8b167.dir/build.make CMakeFiles/cmTC_8b167.dir/build
gmake[1]: Entering directory '/home/jemiry/DMET/QC-DMET/lib/build/CMakeFiles/CMakeTmp'
Building CXX object CMakeFiles/cmTC_8b167.dir/src.cxx.o
/usr/bin/g++ -DHAS_XHOST  -fopenmp    -xHost -o CMakeFiles/cmTC_8b167.dir/src.cxx.o -c /home/jemiry/DMET/QC-DMET/lib/build/CMakeFiles/CMakeTmp/src.cxx
g++: error: language Host not recognized
g++: error: language Host not recognized
gmake[1]: *** [CMakeFiles/cmTC_8b167.dir/build.make:78: CMakeFiles/cmTC_8b167.dir/src.cxx.o] Error 1
gmake[1]: Leaving directory '/home/jemiry/DMET/QC-DMET/lib/build/CMakeFiles/CMakeTmp'
gmake: *** [Makefile:127: cmTC_8b167/fast] Error 2


Source file was:
int main() { return 0; }
Performing C++ SOURCE FILE Test HAS_IPO failed with the following output:
Change Dir: /home/jemiry/DMET/QC-DMET/lib/build/CMakeFiles/CMakeTmp

Run Build Command(s):/usr/bin/gmake -f Makefile cmTC_882cd/fast && /usr/bin/gmake  -f CMakeFiles/cmTC_882cd.dir/build.make CMakeFiles/cmTC_882cd.dir/build
gmake[1]: Entering directory '/home/jemiry/DMET/QC-DMET/lib/build/CMakeFiles/CMakeTmp'
Building CXX object CMakeFiles/cmTC_882cd.dir/src.cxx.o
/usr/bin/g++ -DHAS_IPO  -fopenmp -march=native    -ipo -o CMakeFiles/cmTC_882cd.dir/src.cxx.o -c /home/jemiry/DMET/QC-DMET/lib/build/CMakeFiles/CMakeTmp/src.cxx
g++: error: unrecognized command-line option '-ipo'
gmake[1]: *** [CMakeFiles/cmTC_882cd.dir/build.make:78: CMakeFiles/cmTC_882cd.dir/src.cxx.o] Error 1
gmake[1]: Leaving directory '/home/jemiry/DMET/QC-DMET/lib/build/CMakeFiles/CMakeTmp'
gmake: *** [Makefile:127: cmTC_882cd/fast] Error 2


Source file was:
int main() { return 0; }
